# JRE version: OpenJDK Runtime Environment (8.0_252-b09) (build 1.8.0_252-b09)
# Java VM: OpenJDK 64-Bit Server VM (25.252-b09 mixed mode linux-amd64 compressed oops)
Heap:
 PSYoungGen      total 27136K, used 0K [0x00000000e2800000, 0x00000000e6c00000, 0x0000000100000000)
  eden space 23552K, 0% used [0x00000000e2800000,0x00000000e2800000,0x00000000e3f00000)
  from space 3584K, 0% used [0x00000000e3f00000,0x00000000e3f00000,0x00000000e4280000)
  to   space 11264K, 0% used [0x00000000e6100000,0x00000000e6100000,0x00000000e6c00000)
 ParOldGen       total 368128K, used 298632K [0x00000000a7800000, 0x00000000bdf80000, 0x00000000e2800000)
  object space 368128K, 81% used [0x00000000a7800000,0x00000000b9ba2390,0x00000000bdf80000)
 Metaspace       used 20761K, capacity 21046K, committed 21296K, reserved 1069056K
  class space    used 2333K, capacity 2423K, committed 2432K, reserved 1048576K
GC Heap History (12 events):
Event: 1,218 GC heap before
{Heap before GC invocations=1 (full 0):
 PSYoungGen      total 27136K, used 23552K [0x00000000e2800000, 0x00000000e4600000, 0x0000000100000000)
  eden space 23552K, 100% used [0x00000000e2800000,0x00000000e3f00000,0x00000000e3f00000)
  from space 3584K, 0% used [0x00000000e4280000,0x00000000e4280000,0x00000000e4600000)
  to   space 3584K, 0% used [0x00000000e3f00000,0x00000000e3f00000,0x00000000e4280000)
 ParOldGen       total 61440K, used 0K [0x00000000a7800000, 0x00000000ab400000, 0x00000000e2800000)
  object space 61440K, 0% used [0x00000000a7800000,0x00000000a7800000,0x00000000ab400000)
 Metaspace       used 13145K, capacity 13350K, committed 13568K, reserved 1060864K
  class space    used 1441K, capacity 1503K, committed 1536K, reserved 1048576K
Event: 1,230 GC heap after
Heap after GC invocations=1 (full 0):
 PSYoungGen      total 27136K, used 3578K [0x00000000e2800000, 0x00000000e4600000, 0x0000000100000000)
  eden space 23552K, 0% used [0x00000000e2800000,0x00000000e2800000,0x00000000e3f00000)
  from space 3584K, 99% used [0x00000000e3f00000,0x00000000e427eb98,0x00000000e4280000)
  to   space 3584K, 0% used [0x00000000e4280000,0x00000000e4280000,0x00000000e4600000)
 ParOldGen       total 61440K, used 2424K [0x00000000a7800000, 0x00000000ab400000, 0x00000000e2800000)
  object space 61440K, 3% used [0x00000000a7800000,0x00000000a7a5e158,0x00000000ab400000)
 Metaspace       used 13145K, capacity 13350K, committed 13568K, reserved 1060864K
  class space    used 1441K, capacity 1503K, committed 1536K, reserved 1048576K
}
Event: 2,368 GC heap before
{Heap before GC invocations=2 (full 0):
 PSYoungGen      total 27136K, used 27130K [0x00000000e2800000, 0x00000000e4600000, 0x0000000100000000)
  eden space 23552K, 100% used [0x00000000e2800000,0x00000000e3f00000,0x00000000e3f00000)
  from space 3584K, 99% used [0x00000000e3f00000,0x00000000e427eb98,0x00000000e4280000)
  to   space 3584K, 0% used [0x00000000e4280000,0x00000000e4280000,0x00000000e4600000)
 ParOldGen       total 61440K, used 2424K [0x00000000a7800000, 0x00000000ab400000, 0x00000000e2800000)
  object space 61440K, 3% used [0x00000000a7800000,0x00000000a7a5e158,0x00000000ab400000)
 Metaspace       used 19407K, capacity 19696K, committed 19968K, reserved 1067008K
  class space    used 2195K, capacity 2294K, committed 2304K, reserved 1048576K
Event: 2,384 GC heap after
Heap after GC invocations=2 (full 0):
 PSYoungGen      total 27136K, used 3552K [0x00000000e2800000, 0x00000000e5d00000, 0x0000000100000000)
  eden space 23552K, 0% used [0x00000000e2800000,0x00000000e2800000,0x00000000e3f00000)
  from space 3584K, 99% used [0x00000000e4280000,0x00000000e45f8020,0x00000000e4600000)
  to   space 3584K, 0% used [0x00000000e3f00000,0x00000000e3f00000,0x00000000e4280000)
 ParOldGen       total 61440K, used 6568K [0x00000000a7800000, 0x00000000ab400000, 0x00000000e2800000)
  object space 61440K, 10% used [0x00000000a7800000,0x00000000a7e6a3e0,0x00000000ab400000)
 Metaspace       used 19407K, capacity 19696K, committed 19968K, reserved 1067008K
  class space    used 2195K, capacity 2294K, committed 2304K, reserved 1048576K
}
Event: 364,293 GC heap before
{Heap before GC invocations=3 (full 0):
 PSYoungGen      total 27136K, used 18273K [0x00000000e2800000, 0x00000000e5d00000, 0x0000000100000000)
  eden space 23552K, 62% used [0x00000000e2800000,0x00000000e3660708,0x00000000e3f00000)
  from space 3584K, 99% used [0x00000000e4280000,0x00000000e45f8020,0x00000000e4600000)
  to   space 3584K, 0% used [0x00000000e3f00000,0x00000000e3f00000,0x00000000e4280000)
 ParOldGen       total 61440K, used 6568K [0x00000000a7800000, 0x00000000ab400000, 0x00000000e2800000)
  object space 61440K, 10% used [0x00000000a7800000,0x00000000a7e6a3e0,0x00000000ab400000)
 Metaspace       used 20761K, capacity 21046K, committed 21296K, reserved 1069056K
  class space    used 2333K, capacity 2423K, committed 2432K, reserved 1048576K
Event: 364,311 GC heap after
Heap after GC invocations=3 (full 0):
 PSYoungGen      total 27136K, used 3568K [0x00000000e2800000, 0x00000000e4600000, 0x0000000100000000)
  eden space 23552K, 0% used [0x00000000e2800000,0x00000000e2800000,0x00000000e3f00000)
  from space 3584K, 99% used [0x00000000e3f00000,0x00000000e427c010,0x00000000e4280000)
  to   space 3584K, 0% used [0x00000000e4280000,0x00000000e4280000,0x00000000e4600000)
 ParOldGen       total 61440K, used 12332K [0x00000000a7800000, 0x00000000ab400000, 0x00000000e2800000)
  object space 61440K, 20% used [0x00000000a7800000,0x00000000a840b1f0,0x00000000ab400000)
 Metaspace       used 20761K, capacity 21046K, committed 21296K, reserved 1069056K
  class space    used 2333K, capacity 2423K, committed 2432K, reserved 1048576K
}
Event: 367,084 GC heap before
{Heap before GC invocations=4 (full 0):
 PSYoungGen      total 27136K, used 12784K [0x00000000e2800000, 0x00000000e4600000, 0x0000000100000000)
  eden space 23552K, 39% used [0x00000000e2800000,0x00000000e3100010,0x00000000e3f00000)
  from space 3584K, 99% used [0x00000000e3f00000,0x00000000e427c010,0x00000000e4280000)
  to   space 3584K, 0% used [0x00000000e4280000,0x00000000e4280000,0x00000000e4600000)
 ParOldGen       total 966656K, used 583724K [0x00000000a7800000, 0x00000000e2800000, 0x00000000e2800000)
  object space 966656K, 60% used [0x00000000a7800000,0x00000000cb20b240,0x00000000e2800000)
 Metaspace       used 20761K, capacity 21046K, committed 21296K, reserved 1069056K
  class space    used 2333K, capacity 2423K, committed 2432K, reserved 1048576K
Event: 367,107 GC heap after
Heap after GC invocations=4 (full 0):
 PSYoungGen      total 27136K, used 3552K [0x00000000e2800000, 0x00000000e4600000, 0x0000000100000000)
  eden space 23552K, 0% used [0x00000000e2800000,0x00000000e2800000,0x00000000e3f00000)
  from space 3584K, 99% used [0x00000000e4280000,0x00000000e45f8020,0x00000000e4600000)
  to   space 3584K, 0% used [0x00000000e3f00000,0x00000000e3f00000,0x00000000e4280000)
 ParOldGen       total 966656K, used 583756K [0x00000000a7800000, 0x00000000e2800000, 0x00000000e2800000)
  object space 966656K, 60% used [0x00000000a7800000,0x00000000cb213240,0x00000000e2800000)
 Metaspace       used 20761K, capacity 21046K, committed 21296K, reserved 1069056K
  class space    used 2333K, capacity 2423K, committed 2432K, reserved 1048576K
}
Event: 367,109 GC heap before
{Heap before GC invocations=5 (full 0):
 PSYoungGen      total 27136K, used 3552K [0x00000000e2800000, 0x00000000e4600000, 0x0000000100000000)
  eden space 23552K, 0% used [0x00000000e2800000,0x00000000e2800000,0x00000000e3f00000)
  from space 3584K, 99% used [0x00000000e4280000,0x00000000e45f8020,0x00000000e4600000)
  to   space 3584K, 0% used [0x00000000e3f00000,0x00000000e3f00000,0x00000000e4280000)
 ParOldGen       total 966656K, used 583756K [0x00000000a7800000, 0x00000000e2800000, 0x00000000e2800000)
  object space 966656K, 60% used [0x00000000a7800000,0x00000000cb213240,0x00000000e2800000)
 Metaspace       used 20761K, capacity 21046K, committed 21296K, reserved 1069056K
  class space    used 2333K, capacity 2423K, committed 2432K, reserved 1048576K
Event: 367,127 GC heap after
Heap after GC invocations=5 (full 0):
 PSYoungGen      total 27136K, used 3536K [0x00000000e2800000, 0x00000000e6c00000, 0x0000000100000000)
  eden space 23552K, 0% used [0x00000000e2800000,0x00000000e2800000,0x00000000e3f00000)
  from space 3584K, 98% used [0x00000000e3f00000,0x00000000e4274030,0x00000000e4280000)
  to   space 11264K, 0% used [0x00000000e6100000,0x00000000e6100000,0x00000000e6c00000)
 ParOldGen       total 966656K, used 583764K [0x00000000a7800000, 0x00000000e2800000, 0x00000000e2800000)
  object space 966656K, 60% used [0x00000000a7800000,0x00000000cb215240,0x00000000e2800000)
 Metaspace       used 20761K, capacity 21046K, committed 21296K, reserved 1069056K
  class space    used 2333K, capacity 2423K, committed 2432K, reserved 1048576K
}
Event: 367,127 GC heap before
{Heap before GC invocations=6 (full 1):
 PSYoungGen      total 27136K, used 3536K [0x00000000e2800000, 0x00000000e6c00000, 0x0000000100000000)
  eden space 23552K, 0% used [0x00000000e2800000,0x00000000e2800000,0x00000000e3f00000)
  from space 3584K, 98% used [0x00000000e3f00000,0x00000000e4274030,0x00000000e4280000)
  to   space 11264K, 0% used [0x00000000e6100000,0x00000000e6100000,0x00000000e6c00000)
 ParOldGen       total 966656K, used 583764K [0x00000000a7800000, 0x00000000e2800000, 0x00000000e2800000)
  object space 966656K, 60% used [0x00000000a7800000,0x00000000cb215240,0x00000000e2800000)
 Metaspace       used 20761K, capacity 21046K, committed 21296K, reserved 1069056K
  class space    used 2333K, capacity 2423K, committed 2432K, reserved 1048576K
Event: 367,342 GC heap after
Heap after GC invocations=6 (full 1):
 PSYoungGen      total 27136K, used 0K [0x00000000e2800000, 0x00000000e6c00000, 0x0000000100000000)
  eden space 23552K, 0% used [0x00000000e2800000,0x00000000e2800000,0x00000000e3f00000)
  from space 3584K, 0% used [0x00000000e3f00000,0x00000000e3f00000,0x00000000e4280000)
  to   space 11264K, 0% used [0x00000000e6100000,0x00000000e6100000,0x00000000e6c00000)
 ParOldGen       total 368128K, used 298632K [0x00000000a7800000, 0x00000000bdf80000, 0x00000000e2800000)
  object space 368128K, 81% used [0x00000000a7800000,0x00000000b9ba2390,0x00000000bdf80000)
 Metaspace       used 20761K, capacity 21046K, committed 21296K, reserved 1069056K
  class space    used 2333K, capacity 2423K, committed 2432K, reserved 1048576K
}

