# JRE version: OpenJDK Runtime Environment (8.0_252-b09) (build 1.8.0_252-b09)
# Java VM: OpenJDK 64-Bit Server VM (25.252-b09 mixed mode linux-amd64 compressed oops)
Heap:
 PSYoungGen      total 27136K, used 12784K [0x00000000e2800000, 0x00000000e4600000, 0x0000000100000000)
  eden space 23552K, 39% used [0x00000000e2800000,0x00000000e3100010,0x00000000e3f00000)
  from space 3584K, 99% used [0x00000000e3f00000,0x00000000e427c010,0x00000000e4280000)
  to   space 3584K, 0% used [0x00000000e4280000,0x00000000e4280000,0x00000000e4600000)
 ParOldGen       total 321024K, used 288850K [0x00000000a7800000, 0x00000000bb180000, 0x00000000e2800000)
  object space 321024K, 89% used [0x00000000a7800000,0x00000000b9214bd8,0x00000000bb180000)
 Metaspace       used 20776K, capacity 21046K, committed 21296K, reserved 1069056K
  class space    used 2332K, capacity 2423K, committed 2432K, reserved 1048576K
GC Heap History (6 events):
Event: 1,999 GC heap before
{Heap before GC invocations=1 (full 0):
 PSYoungGen      total 27136K, used 23552K [0x00000000e2800000, 0x00000000e4600000, 0x0000000100000000)
  eden space 23552K, 100% used [0x00000000e2800000,0x00000000e3f00000,0x00000000e3f00000)
  from space 3584K, 0% used [0x00000000e4280000,0x00000000e4280000,0x00000000e4600000)
  to   space 3584K, 0% used [0x00000000e3f00000,0x00000000e3f00000,0x00000000e4280000)
 ParOldGen       total 61440K, used 0K [0x00000000a7800000, 0x00000000ab400000, 0x00000000e2800000)
  object space 61440K, 0% used [0x00000000a7800000,0x00000000a7800000,0x00000000ab400000)
 Metaspace       used 13089K, capacity 13350K, committed 13568K, reserved 1060864K
  class space    used 1440K, capacity 1503K, committed 1536K, reserved 1048576K
Event: 2,018 GC heap after
Heap after GC invocations=1 (full 0):
 PSYoungGen      total 27136K, used 3577K [0x00000000e2800000, 0x00000000e4600000, 0x0000000100000000)
  eden space 23552K, 0% used [0x00000000e2800000,0x00000000e2800000,0x00000000e3f00000)
  from space 3584K, 99% used [0x00000000e3f00000,0x00000000e427e598,0x00000000e4280000)
  to   space 3584K, 0% used [0x00000000e4280000,0x00000000e4280000,0x00000000e4600000)
 ParOldGen       total 61440K, used 2472K [0x00000000a7800000, 0x00000000ab400000, 0x00000000e2800000)
  object space 61440K, 4% used [0x00000000a7800000,0x00000000a7a6a220,0x00000000ab400000)
 Metaspace       used 13089K, capacity 13350K, committed 13568K, reserved 1060864K
  class space    used 1440K, capacity 1503K, committed 1536K, reserved 1048576K
}
Event: 4,311 GC heap before
{Heap before GC invocations=2 (full 0):
 PSYoungGen      total 27136K, used 27129K [0x00000000e2800000, 0x00000000e4600000, 0x0000000100000000)
  eden space 23552K, 100% used [0x00000000e2800000,0x00000000e3f00000,0x00000000e3f00000)
  from space 3584K, 99% used [0x00000000e3f00000,0x00000000e427e598,0x00000000e4280000)
  to   space 3584K, 0% used [0x00000000e4280000,0x00000000e4280000,0x00000000e4600000)
 ParOldGen       total 61440K, used 2472K [0x00000000a7800000, 0x00000000ab400000, 0x00000000e2800000)
  object space 61440K, 4% used [0x00000000a7800000,0x00000000a7a6a220,0x00000000ab400000)
 Metaspace       used 19431K, capacity 19696K, committed 19968K, reserved 1067008K
  class space    used 2195K, capacity 2294K, committed 2304K, reserved 1048576K
Event: 4,334 GC heap after
Heap after GC invocations=2 (full 0):
 PSYoungGen      total 27136K, used 3552K [0x00000000e2800000, 0x00000000e4600000, 0x0000000100000000)
  eden space 23552K, 0% used [0x00000000e2800000,0x00000000e2800000,0x00000000e3f00000)
  from space 3584K, 99% used [0x00000000e4280000,0x00000000e45f8020,0x00000000e4600000)
  to   space 3584K, 0% used [0x00000000e3f00000,0x00000000e3f00000,0x00000000e4280000)
 ParOldGen       total 61440K, used 6654K [0x00000000a7800000, 0x00000000ab400000, 0x00000000e2800000)
  object space 61440K, 10% used [0x00000000a7800000,0x00000000a7e7fbd8,0x00000000ab400000)
 Metaspace       used 19431K, capacity 19696K, committed 19968K, reserved 1067008K
  class space    used 2195K, capacity 2294K, committed 2304K, reserved 1048576K
}
Event: 152,191 GC heap before
{Heap before GC invocations=3 (full 0):
 PSYoungGen      total 27136K, used 18194K [0x00000000e2800000, 0x00000000e4600000, 0x0000000100000000)
  eden space 23552K, 62% used [0x00000000e2800000,0x00000000e364c828,0x00000000e3f00000)
  from space 3584K, 99% used [0x00000000e4280000,0x00000000e45f8020,0x00000000e4600000)
  to   space 3584K, 0% used [0x00000000e3f00000,0x00000000e3f00000,0x00000000e4280000)
 ParOldGen       total 61440K, used 6654K [0x00000000a7800000, 0x00000000ab400000, 0x00000000e2800000)
  object space 61440K, 10% used [0x00000000a7800000,0x00000000a7e7fbd8,0x00000000ab400000)
 Metaspace       used 20776K, capacity 21046K, committed 21296K, reserved 1069056K
  class space    used 2332K, capacity 2423K, committed 2432K, reserved 1048576K
Event: 152,202 GC heap after
Heap after GC invocations=3 (full 0):
 PSYoungGen      total 27136K, used 3568K [0x00000000e2800000, 0x00000000e4600000, 0x0000000100000000)
  eden space 23552K, 0% used [0x00000000e2800000,0x00000000e2800000,0x00000000e3f00000)
  from space 3584K, 99% used [0x00000000e3f00000,0x00000000e427c010,0x00000000e4280000)
  to   space 3584K, 0% used [0x00000000e4280000,0x00000000e4280000,0x00000000e4600000)
 ParOldGen       total 61440K, used 12370K [0x00000000a7800000, 0x00000000ab400000, 0x00000000e2800000)
  object space 61440K, 20% used [0x00000000a7800000,0x00000000a8414b98,0x00000000ab400000)
 Metaspace       used 20776K, capacity 21046K, committed 21296K, reserved 1069056K
  class space    used 2332K, capacity 2423K, committed 2432K, reserved 1048576K
}

